
##################################################################
Process Start:
##################################################################

##################################################################
Date And Time:
##################################################################
Wed Oct 16 16:52:45 IST 2019

------------------------------------------------------------------

##################################################################
Processing MidNight ZeroDumps:
##################################################################

MidNight data dump:

--------------------MidNight dump data Successfully---------------------

##################################################################
Processing Removing dump older then 5 Days:
##################################################################

Removing dump older then 5 Days

BookMyFarm-2019-10-09-16-00.tar.gz  removed.
BookMyFarm-2019-10-09-17-00.tar.gz  removed.
BookMyFarm-2019-10-09-18-00.tar.gz  removed.
BookMyFarm-2019-10-09-19-00.tar.gz  removed.
BookMyFarm-2019-10-09-20-00.tar.gz  removed.
BookMyFarm-2019-10-09-21-00.tar.gz  removed.
BookMyFarm-2019-10-09-22-00.tar.gz  removed.
BookMyFarm-2019-10-09-23-00.tar.gz  removed.
BookMyFarm-2019-10-10-01-00.tar.gz  removed.
BookMyFarm-2019-10-10-02-00.tar.gz  removed.
BookMyFarm-2019-10-10-03-00.tar.gz  removed.
BookMyFarm-2019-10-10-04-00.tar.gz  removed.
BookMyFarm-2019-10-10-05-00.tar.gz  removed.
BookMyFarm-2019-10-10-06-00.tar.gz  removed.
BookMyFarm-2019-10-10-07-00.tar.gz  removed.
BookMyFarm-2019-10-10-08-00.tar.gz  removed.
BookMyFarm-2019-10-10-09-00.tar.gz  removed.
BookMyFarm-2019-10-10-10-00.tar.gz  removed.
BookMyFarm-2019-10-10-11-00.tar.gz  removed.
BookMyFarm-2019-10-10-12-00.tar.gz  removed.
BookMyFarm-2019-10-10-13-00.tar.gz  removed.
BookMyFarm-2019-10-10-14-00.tar.gz  removed.
BookMyFarm-2019-10-10-15-00.tar.gz  removed.
BookMyFarm-2019-10-10-16-00.tar.gz  removed.
BookMyFarm-2019-10-10-17-00.tar.gz  removed.
BookMyFarm-2019-10-10-18-00.tar.gz  removed.
BookMyFarm-2019-10-10-19-00.tar.gz  removed.
BookMyFarm-2019-10-10-20-00.tar.gz  removed.
BookMyFarm-2019-10-10-21-00.tar.gz  removed.
BookMyFarm-2019-10-10-22-00.tar.gz  removed.
BookMyFarm-2019-10-10-23-00.tar.gz  removed.
BookMyFarm-2019-10-11-01-00.tar.gz  removed.
BookMyFarm-2019-10-11-02-00.tar.gz  removed.
BookMyFarm-2019-10-11-03-00.tar.gz  removed.
BookMyFarm-2019-10-11-04-00.tar.gz  removed.
BookMyFarm-2019-10-11-05-00.tar.gz  removed.
BookMyFarm-2019-10-11-06-00.tar.gz  removed.
BookMyFarm-2019-10-11-07-00.tar.gz  removed.
BookMyFarm-2019-10-11-08-00.tar.gz  removed.
BookMyFarm-2019-10-11-09-00.tar.gz  removed.
BookMyFarm-2019-10-11-10-00.tar.gz  removed.
BookMyFarm-2019-10-11-11-00.tar.gz  removed.
BookMyFarm-2019-10-11-12-00.tar.gz  removed.
BookMyFarm-2019-10-11-13-00.tar.gz  removed.
BookMyFarm-2019-10-11-14-00.tar.gz  removed.
BookMyFarm-2019-10-11-15-00.tar.gz  removed.
BookMyFarm-2019-10-11-16-00.tar.gz  removed.
BookMyFarm-2019-10-11-17-00.tar.gz  removed.
BookMyFarm-2019-10-11-18-00.tar.gz  removed.
BookMyFarm-2019-10-11-19-00.tar.gz  removed.
BookMyFarm-2019-10-11-20-00.tar.gz  removed.
BookMyFarm-2019-10-11-21-00.tar.gz  removed.
BookMyFarm-2019-10-11-22-00.tar.gz  removed.
BookMyFarm-2019-10-11-23-00.tar.gz  removed.

-----------------------Process completed--------------------------

