
##################################################################
Process Start:
##################################################################

##################################################################
Date And Time:
##################################################################
Thu Oct 17 15:03:36 IST 2019

------------------------------------------------------------------

##################################################################
Processing MidNight ZeroDumps:
##################################################################

MidNight data dump:

--------------------MidNight dump data Successfully---------------------

##################################################################
Processing Removing dump older then 5 Days:
##################################################################

Removing dump older then 5 Days

 removed.
 removed.
 removed.
 removed.
 removed.
 removed.
 removed.
 removed.
 removed.
 removed.
 removed.
 removed.
 removed.
 removed.
 removed.
 removed.
 removed.
 removed.
 removed.
 removed.
 removed.
 removed.
 removed.
 removed.
 removed.
 removed.
 removed.
 removed.
 removed.
 removed.
 removed.
 removed.
 removed.
 removed.
 removed.
 removed.
 removed.
 removed.
 removed.
 removed.
 removed.
 removed.
 removed.
 removed.
 removed.
 removed.
 removed.
 removed.
 removed.
 removed.
 removed.
 removed.
 removed.
 removed.
BookMyFarm-2019-10-12-01-00.tar.gz  removed.
BookMyFarm-2019-10-12-02-00.tar.gz  removed.
BookMyFarm-2019-10-12-03-00.tar.gz  removed.
BookMyFarm-2019-10-12-04-00.tar.gz  removed.
BookMyFarm-2019-10-12-05-00.tar.gz  removed.
BookMyFarm-2019-10-12-06-00.tar.gz  removed.
BookMyFarm-2019-10-12-07-00.tar.gz  removed.
BookMyFarm-2019-10-12-08-00.tar.gz  removed.
BookMyFarm-2019-10-12-09-00.tar.gz  removed.
BookMyFarm-2019-10-12-10-00.tar.gz  removed.
BookMyFarm-2019-10-12-11-00.tar.gz  removed.
BookMyFarm-2019-10-12-12-00.tar.gz  removed.
BookMyFarm-2019-10-12-13-00.tar.gz  removed.
BookMyFarm-2019-10-12-14-00.tar.gz  removed.
BookMyFarm-2019-10-12-15-00.tar.gz  removed.
BookMyFarm-2019-10-12-16-00.tar.gz  removed.
BookMyFarm-2019-10-12-17-00.tar.gz  removed.
BookMyFarm-2019-10-12-18-00.tar.gz  removed.
BookMyFarm-2019-10-12-19-00.tar.gz  removed.
BookMyFarm-2019-10-12-20-00.tar.gz  removed.
BookMyFarm-2019-10-12-21-00.tar.gz  removed.
BookMyFarm-2019-10-12-22-00.tar.gz  removed.
BookMyFarm-2019-10-12-23-00.tar.gz  removed.
 removed.
 removed.
 removed.
 removed.
 removed.
 removed.
 removed.
 removed.
 removed.
 removed.
 removed.
 removed.
 removed.
 removed.
 removed.
 removed.
 removed.
 removed.
 removed.
 removed.
 removed.
 removed.
 removed.

-----------------------Process completed--------------------------

