
##################################################################
Process Start:
##################################################################

##################################################################
Date And Time:
##################################################################
Fri Oct 18 14:56:43 IST 2019

------------------------------------------------------------------

##################################################################
Processing MidNight ZeroDumps:
##################################################################

-------------MongoDB Database_Backup------------------------------

------------Create Dump Database----------------------------------
-----------MongoDB Database_Backup completed----------------------
MidNight data dump:

--------------------MidNight dump data Successfully---------------------

##################################################################
Processing Removing dump older then 5 Days:
##################################################################

Removing dump older then 5 Days


-----------------------Process completed--------------------------

